e:\github\esw\msvc-freertos - session 8\debug\vc142.pdb
e:\github\esw\msvc-freertos - session 8\debug\vc142.idb
e:\github\esw\msvc-freertos - session 8\debug\main.obj
e:\github\esw\msvc-freertos - session 8\debug\timers.obj
e:\github\esw\msvc-freertos - session 8\debug\tasks.obj
e:\github\esw\msvc-freertos - session 8\debug\stream_buffer.obj
e:\github\esw\msvc-freertos - session 8\debug\queue.obj
e:\github\esw\msvc-freertos - session 8\debug\port.obj
e:\github\esw\msvc-freertos - session 8\debug\list.obj
e:\github\esw\msvc-freertos - session 8\debug\heap_4.obj
e:\github\esw\msvc-freertos - session 8\debug\event_groups.obj
e:\github\esw\msvc-freertos - session 8\debug\croutine.obj
e:\github\esw\msvc-freertos - session 8\debug\msvc-freertos - session 8.ilk
e:\github\esw\msvc-freertos - session 8\debug\msvc-freertos - session 8.exe
e:\github\esw\msvc-freertos - session 8\debug\msvc-freertos - session 8.pdb
e:\github\esw\msvc-freertos - session 8\debug\msvc-fre.6198ade6.tlog\cl.command.1.tlog
e:\github\esw\msvc-freertos - session 8\debug\msvc-fre.6198ade6.tlog\cl.read.1.tlog
e:\github\esw\msvc-freertos - session 8\debug\msvc-fre.6198ade6.tlog\cl.write.1.tlog
e:\github\esw\msvc-freertos - session 8\debug\msvc-fre.6198ade6.tlog\link.command.1.tlog
e:\github\esw\msvc-freertos - session 8\debug\msvc-fre.6198ade6.tlog\link.read.1.tlog
e:\github\esw\msvc-freertos - session 8\debug\msvc-fre.6198ade6.tlog\link.write.1.tlog
