e:\github\esw\session 2\exercise 2.2.4\x64\debug\vc142.pdb
e:\github\esw\session 2\exercise 2.2.4\x64\debug\vc142.idb
e:\github\esw\session 2\exercise 2.2.4\x64\debug\my_string_func.obj
e:\github\esw\session 2\exercise 2.2.4\x64\debug\main.obj
e:\github\esw\session 2\exercise 2.2.4\x64\debug\exercise 2.2.4.exe
e:\github\esw\session 2\exercise 2.2.4\x64\debug\exercise 2.2.4.ilk
e:\github\esw\session 2\exercise 2.2.4\x64\debug\exercise 2.2.4.pdb
c:\git\esw\session 2\exercise 2.2.4\x64\debug\main.obj
c:\git\esw\session 2\exercise 2.2.4\x64\debug\my_string_func.obj
c:\git\esw\session 2\exercise 2.2.4\x64\debug\main.obj.enc
c:\git\esw\session 2\exercise 2.2.4\x64\debug\exercise 2.2.4.ilk
c:\git\esw\session 2\exercise 2.2.4\x64\debug\vc142.idb
c:\git\esw\session 2\exercise 2.2.4\x64\debug\exercise 2.2.4.pdb
c:\git\esw\session 2\exercise 2.2.4\x64\debug\vc142.pdb
c:\git\esw\session 2\exercise 2.2.4\x64\debug\exercise 2.2.4.exe
c:\git\esw\session 2\exercise 2.2.4\x64\debug\exercise 2.2.4.tlog\cl.command.1.tlog
c:\git\esw\session 2\exercise 2.2.4\x64\debug\exercise 2.2.4.tlog\cl.read.1.tlog
c:\git\esw\session 2\exercise 2.2.4\x64\debug\exercise 2.2.4.tlog\cl.write.1.tlog
c:\git\esw\session 2\exercise 2.2.4\x64\debug\exercise 2.2.4.tlog\link.command.1.tlog
c:\git\esw\session 2\exercise 2.2.4\x64\debug\exercise 2.2.4.tlog\link.read.1.tlog
c:\git\esw\session 2\exercise 2.2.4\x64\debug\exercise 2.2.4.tlog\link.write.1.tlog
